DEBUG: Using JAVA_HOME
DEBUG: _PENTAHO_JAVA_HOME=C:\Program Files\Java\jre7
DEBUG: _PENTAHO_JAVA=C:\Program Files\Java\jre7\bin\java.exe

E:\data-integration>"C:\Program Files\Java\jre7\bin\java.exe"  "-Xmx20000m" "-XX:MaxPermSize=25000m" "-Djava.library.path=libswt\win64" "-DKETTLE_HOME=" "-DKETTLE_REPOSITORY=" "-DKETTLE_USER=" "-DKETTLE_PASSWORD=" "-DKETTLE_PLUGIN_PACKAGES=" "-DKETTLE_LOG_SIZE_LIMIT=" "-DKETTLE_JNDI_ROOT=" -jar launcher\pentaho-application-launcher-5.4.0.1-130.jar -lib ..\libswt\win64  -main org.pentaho.di.kitchen.Kitchen /rep:"PentahoRepoSQLPRD" /job:"VolumenHES" /dir:BU/Volumen_HES/ /user:admin /pass:admin /level:Basic 
2024/02/29 13:00:05 - Kitchen - Logging is at level : Basic logging
2024/02/29 13:00:05 - Kitchen - Start of run.
2024/02/29 13:00:05 - RepositoriesMeta - Reading repositories XML file: C:\Users\s-sqladm.MODELO\.kettle\repositories.xml
2024/02/29 13:00:10 - VolumenHES - Start of job execution
2024/02/29 13:00:10 - VolumenHES - Starting entry [Set variables]
2024/02/29 13:00:10 - VolumenHES - Starting entry [UpdateFechaCorrida]
2024/02/29 13:00:10 - VolumenHES - Starting entry [Variables Fecha]
2024/02/29 13:00:10 - Variables Fecha - Loading transformation from repository [Variables Fecha] in directory [/BU/Volumen_HES]
2024/02/29 13:00:12 - Variables Fecha - Dispatching started for transformation [Variables Fecha]
2024/02/29 13:00:12 - Get Variables.0 - Finished processing (I=0, O=0, R=1, W=1, U=0, E=0)
2024/02/29 13:00:12 - Obtener Fecha De Proceso.0 - Finished reading query, closing connection.
2024/02/29 13:00:12 - Set Variables.0 - Setting environment variables...
2024/02/29 13:00:12 - Set Variables.0 - Set variable FechaDesde to value [20240201]
2024/02/29 13:00:12 - Set Variables.0 - Set variable FechaHasta to value [20240229]
2024/02/29 13:00:12 - Set Variables.0 - Set variable LogsID to value [7648]
2024/02/29 13:00:12 - Set Variables.0 - Finished after 1 rows.
2024/02/29 13:00:12 - Set Variables.0 - Finished processing (I=0, O=0, R=1, W=1, U=0, E=0)
2024/02/29 13:00:12 - Obtener Fecha De Proceso.0 - Finished processing (I=1, O=0, R=0, W=1, U=0, E=0)
2024/02/29 13:00:12 - Write to log.0 - 
2024/02/29 13:00:12 - Write to log.0 - ------------> Linenr 1------------------------------
2024/02/29 13:00:12 - Write to log.0 - Executado FechaDesde
2024/02/29 13:00:12 - Write to log.0 - 
2024/02/29 13:00:12 - Write to log.0 - FechaDesde = 20240201
2024/02/29 13:00:12 - Write to log.0 - FechaHasta = 20240229
2024/02/29 13:00:12 - Write to log.0 - 
2024/02/29 13:00:12 - Write to log.0 - ====================
2024/02/29 13:00:12 - Write to log.0 - Finished processing (I=0, O=0, R=1, W=1, U=0, E=0)
2024/02/29 13:00:12 - VolumenHES - Starting entry [AUFM]
2024/02/29 13:00:12 - AUFM - Loading transformation from repository [AUFM] in directory [/BU/Volumen_HES]
2024/02/29 13:00:14 - AUFM - Dispatching started for transformation [AUFM]
2024/02/29 13:00:14 - AUFM.0 - Connected to database [BU_STGCCENTER] (commit=1000)
2024/02/29 13:00:16 - Table input.0 - Finished reading query, closing connection.
2024/02/29 13:00:16 - Table input.0 - Finished processing (I=1, O=0, R=0, W=1, U=0, E=0)
Singlevalue Name: DELIMITER, Value: ;
Singlevalue Name: QUERY_TABLE, Value: AUFM
Singlevalue Name: ROWCOUNT, Value: 2147483647
Singlevalue Name: ROWSKIPS, Value: 0
Table: FIELDS, Name: FIELDNAME, Row: 0, Value: MANDT
Table: FIELDS, Name: FIELDNAME, Row: 1, Value: MBLNR
Table: FIELDS, Name: FIELDNAME, Row: 2, Value: MJAHR
Table: FIELDS, Name: FIELDNAME, Row: 3, Value: ZEILE
Table: FIELDS, Name: FIELDNAME, Row: 4, Value: BLDAT
Table: FIELDS, Name: FIELDNAME, Row: 5, Value: BUDAT
Table: FIELDS, Name: FIELDNAME, Row: 6, Value: BWART
Table: FIELDS, Name: FIELDNAME, Row: 7, Value: MATNR
Table: FIELDS, Name: FIELDNAME, Row: 8, Value: WERKS
Table: FIELDS, Name: FIELDNAME, Row: 9, Value: LGORT
Table: FIELDS, Name: FIELDNAME, Row: 10, Value: CHARG
Table: FIELDS, Name: FIELDNAME, Row: 11, Value: SOBKZ
Table: FIELDS, Name: FIELDNAME, Row: 12, Value: LIFNR
Table: FIELDS, Name: FIELDNAME, Row: 13, Value: KDAUF
Table: FIELDS, Name: FIELDNAME, Row: 14, Value: KDPOS
Table: FIELDS, Name: FIELDNAME, Row: 15, Value: SHKZG
Table: FIELDS, Name: FIELDNAME, Row: 16, Value: DMBTR
Table: FIELDS, Name: FIELDNAME, Row: 17, Value: WAERS
Table: FIELDS, Name: FIELDNAME, Row: 18, Value: MENGE
Table: FIELDS, Name: FIELDNAME, Row: 19, Value: MEINS
Table: FIELDS, Name: FIELDNAME, Row: 20, Value: ERFMG
Table: FIELDS, Name: FIELDNAME, Row: 21, Value: ERFME
Table: FIELDS, Name: FIELDNAME, Row: 22, Value: EBELN
Table: FIELDS, Name: FIELDNAME, Row: 23, Value: EBELP
Table: FIELDS, Name: FIELDNAME, Row: 24, Value: ELIKZ
Table: FIELDS, Name: FIELDNAME, Row: 25, Value: WEMPF
Table: FIELDS, Name: FIELDNAME, Row: 26, Value: ABLAD
Table: FIELDS, Name: FIELDNAME, Row: 27, Value: AUFNR
Table: FIELDS, Name: FIELDNAME, Row: 28, Value: RSNUM
Table: FIELDS, Name: FIELDNAME, Row: 29, Value: RSPOS
Table: FIELDS, Name: FIELDNAME, Row: 30, Value: RSART
Table: FIELDS, Name: FIELDNAME, Row: 31, Value: KZEAR
Table: FIELDS, Name: FIELDNAME, Row: 32, Value: KZBEW
Table: FIELDS, Name: FIELDNAME, Row: 33, Value: WEUNB
Table: FIELDS, Name: FIELDNAME, Row: 34, Value: PS_PSP_PNR
Table: FIELDS, Name: FIELDNAME, Row: 35, Value: NPLNR
Table: FIELDS, Name: FIELDNAME, Row: 36, Value: AUFPL
Table: FIELDS, Name: FIELDNAME, Row: 37, Value: APLZL
Table: FIELDS, Name: FIELDNAME, Row: 38, Value: SAKTO
Table: FIELDS, Name: FIELDNAME, Row: 39, Value: KOKRS
Table: OPTIONS, Name: TEXT, Row: 0, Value: BUDAT >=  '20240201' AND BUDAT <=  '20240229'
2024/02/29 13:00:45 - Split Fields 3.0 - linenr 50000
2024/02/29 13:00:46 - AUFM.0 - linenr 50000
2024/02/29 13:00:48 - Split Fields 3.0 - linenr 100000
2024/02/29 13:00:48 - AUFM.0 - linenr 100000
2024/02/29 13:00:50 - Split Fields 3.0 - linenr 150000
2024/02/29 13:00:51 - AUFM.0 - linenr 150000
2024/02/29 13:00:52 - RFC_READ_MKPF.0 - Finished processing (I=0, O=0, R=1, W=190615, U=0, E=0)
2024/02/29 13:00:52 - Split Fields 3.0 - Finished processing (I=0, O=0, R=190615, W=190615, U=0, E=0)
2024/02/29 13:00:53 - AUFM.0 - Finished processing (I=0, O=190615, R=190615, W=190615, U=0, E=0)
2024/02/29 13:00:53 - VolumenHES - Starting entry [AFRU]
2024/02/29 13:00:53 - AFRU - Loading transformation from repository [AFRU] in directory [/BU/Volumen_HES]
2024/02/29 13:00:54 - AFRU - Dispatching started for transformation [AFRU]
2024/02/29 13:00:54 - AFRU.0 - Connected to database [BU_STGCCENTER] (commit=1000)
2024/02/29 13:00:54 - Table input.0 - Finished reading query, closing connection.
2024/02/29 13:00:54 - Table input.0 - Finished processing (I=1, O=0, R=0, W=1, U=0, E=0)
Singlevalue Name: DELIMITER, Value: ;
Singlevalue Name: QUERY_TABLE, Value: AFRU
Singlevalue Name: ROWCOUNT, Value: 2147483647
Singlevalue Name: ROWSKIPS, Value: 0
Table: FIELDS, Name: FIELDNAME, Row: 0, Value: MANDT
Table: FIELDS, Name: FIELDNAME, Row: 1, Value: ARBID
Table: FIELDS, Name: FIELDNAME, Row: 2, Value: WABLNR
Table: FIELDS, Name: FIELDNAME, Row: 3, Value: RUECK
Table: FIELDS, Name: FIELDNAME, Row: 4, Value: RMZHL
Table: OPTIONS, Name: TEXT, Row: 0, Value: ERSDA >=  '20240201' AND ERSDA <=  '20240229'
2024/02/29 13:01:34 - Split Fields 3.0 - linenr 50000
2024/02/29 13:01:34 - AFRU.0 - linenr 50000
2024/02/29 13:01:35 - Split Fields 3.0 - linenr 100000
2024/02/29 13:01:35 - AFRU.0 - linenr 100000
2024/02/29 13:01:35 - RFC_READ_MKPF.0 - Finished processing (I=0, O=0, R=1, W=125278, U=0, E=0)
2024/02/29 13:01:35 - Split Fields 3.0 - Finished processing (I=0, O=0, R=125278, W=125278, U=0, E=0)
2024/02/29 13:01:36 - AFRU.0 - Finished processing (I=0, O=125278, R=125278, W=125278, U=0, E=0)
2024/02/29 13:01:36 - VolumenHES - Starting entry [AFWI]
2024/02/29 13:01:36 - AFWI - Loading transformation from repository [AFWI] in directory [/BU/Volumen_HES]
2024/02/29 13:01:37 - AFWI - Dispatching started for transformation [AFWI]
2024/02/29 13:01:37 - AFWI.0 - Connected to database [BU_STGCCENTER] (commit=1000)
Singlevalue Name: DELIMITER, Value: ;
Singlevalue Name: QUERY_TABLE, Value: AFWI
Singlevalue Name: ROWCOUNT, Value: 2147483647
Singlevalue Name: ROWSKIPS, Value: 0
2024/02/29 13:01:37 - Table input.0 - Finished reading query, closing connection.
Table: FIELDS, Name: FIELDNAME, Row: 0, Value: MANDT
Table: FIELDS, Name: FIELDNAME, Row: 1, Value: RUECK
Table: FIELDS, Name: FIELDNAME, Row: 2, Value: RMZHL
Table: FIELDS, Name: FIELDNAME, Row: 3, Value: MBLNR
Table: FIELDS, Name: FIELDNAME, Row: 4, Value: MJAHR
Table: OPTIONS, Name: TEXT, Row: 0, Value: MJAHR =  '2024' 
2024/02/29 13:01:37 - Table input.0 - Finished processing (I=1, O=0, R=0, W=1, U=0, E=0)
2024/02/29 13:01:39 - RFC_READ_MKPF.0 - Finished processing (I=0, O=0, R=1, W=37559, U=0, E=0)
2024/02/29 13:01:40 - Split Fields 3.0 - Finished processing (I=0, O=0, R=37559, W=37559, U=0, E=0)
2024/02/29 13:01:40 - AFWI.0 - Finished processing (I=0, O=37559, R=37559, W=37559, U=0, E=0)
2024/02/29 13:01:40 - VolumenHES - Starting entry [From STG hacia DW]
2024/02/29 13:01:42 - VolumenHES - Starting entry [Update Makt]
2024/02/29 13:01:43 - VolumenHES - Starting entry [JobVolumenDaily]
2024/02/29 13:13:40 - VolumenHES - Starting entry [Error Carga Volumen HES]
2024/02/29 13:13:40 - VolumenHES - Finished job entry [Error Carga Volumen HES] (result=[true])
2024/02/29 13:13:40 - VolumenHES - Finished job entry [JobVolumenDaily] (result=[true])
2024/02/29 13:13:40 - VolumenHES - Finished job entry [Update Makt] (result=[true])
2024/02/29 13:13:40 - VolumenHES - Finished job entry [From STG hacia DW] (result=[true])
2024/02/29 13:13:40 - VolumenHES - Finished job entry [AFWI] (result=[true])
2024/02/29 13:13:40 - VolumenHES - Finished job entry [AFRU] (result=[true])
2024/02/29 13:13:40 - VolumenHES - Finished job entry [AUFM] (result=[true])
2024/02/29 13:13:40 - VolumenHES - Finished job entry [Variables Fecha] (result=[true])
2024/02/29 13:13:40 - VolumenHES - Finished job entry [UpdateFechaCorrida] (result=[true])
2024/02/29 13:13:40 - VolumenHES - Finished job entry [Set variables] (result=[true])
2024/02/29 13:13:40 - VolumenHES - Job execution finished
2024/02/29 13:13:40 - Kitchen - Finished!
2024/02/29 13:13:40 - Kitchen - Start=2024/02/29 13:00:05.528, Stop=2024/02/29 13:13:40.894
2024/02/29 13:13:40 - Kitchen - Processing ended after 13 minutes and 35 seconds (815 seconds total).
