DEBUG: Using JAVA_HOME
DEBUG: _PENTAHO_JAVA_HOME=C:\Program Files\Java\jre7
DEBUG: _PENTAHO_JAVA=C:\Program Files\Java\jre7\bin\java.exe

E:\data-integration>"C:\Program Files\Java\jre7\bin\java.exe"  "-Xmx20000m" "-XX:MaxPermSize=25000m" "-Djava.library.path=libswt\win64" "-DKETTLE_HOME=" "-DKETTLE_REPOSITORY=" "-DKETTLE_USER=" "-DKETTLE_PASSWORD=" "-DKETTLE_PLUGIN_PACKAGES=" "-DKETTLE_LOG_SIZE_LIMIT=" "-DKETTLE_JNDI_ROOT=" -jar launcher\pentaho-application-launcher-5.4.0.1-130.jar -lib ..\libswt\win64  -main org.pentaho.di.kitchen.Kitchen /rep:"PentahoRepoSQLPRD" /job:"Bis_DR_Jb_GiroEquipo_ParqueEquipo" /dir:BIS/GiroEquipo/ /user:admin /pass:admin /level:Basic 
2024/02/29 05:00:03 - Kitchen - Logging is at level : Basic logging
2024/02/29 05:00:03 - Kitchen - Start of run.
2024/02/29 05:00:03 - RepositoriesMeta - Reading repositories XML file: C:\Users\s-sqladm.MODELO\.kettle\repositories.xml
Processing stopped because of an error: 
An error occured loading the directory tree from the repository

Error loading a repository directory

ERROR executing query

Error determining value metadata from SQL resultset metadata
 at org.pentaho.commons.launcher.Launcher.main (Launcher.java:92)
 at java.lang.reflect.Method.invoke (null:-1)
 at sun.reflect.DelegatingMethodAccessorImpl.invoke (null:-1)
 at sun.reflect.NativeMethodAccessorImpl.invoke (null:-1)
 at sun.reflect.NativeMethodAccessorImpl.invoke0 (null:-2)
 at org.pentaho.di.kitchen.Kitchen.main (Kitchen.java:317)
 at org.pentaho.di.repository.kdr.KettleDatabaseRepository.loadRepositoryDirectoryTree (KettleDatabaseRepository.java:536)
 at org.pentaho.di.repository.kdr.delegates.KettleDatabaseRepositoryDirectoryDelegate.loadRepositoryDirectoryTree (KettleDatabaseRepositoryDirectoryDelegate.java:101)
 at org.pentaho.di.repository.kdr.delegates.KettleDatabaseRepositoryDirectoryDelegate.loadRepositoryDirectory (KettleDatabaseRepositoryDirectoryDelegate.java:129)
 at org.pentaho.di.repository.kdr.KettleDatabaseRepository.getSubDirectoryIDs (KettleDatabaseRepository.java:612)
 at org.pentaho.di.repository.kdr.delegates.KettleDatabaseRepositoryDirectoryDelegate.getSubDirectoryIDs (KettleDatabaseRepositoryDirectoryDelegate.java:290)
 at org.pentaho.di.repository.kdr.delegates.KettleDatabaseRepositoryConnectionDelegate.getIDs (KettleDatabaseRepositoryConnectionDelegate.java:1576)
 at org.pentaho.di.core.database.Database.openQuery (Database.java:1778)
 at org.pentaho.di.core.database.Database.getRowInfo (Database.java:2237)
 at org.pentaho.di.core.database.Database.getValueFromSQLType (Database.java:2291)
 at org.pentaho.di.core.row.value.ValueMetaBase.getValueFromSQLType (ValueMetaBase.java:4560)
 at org.pentaho.di.core.row.value.ValueMetaFactory.createValueMeta (ValueMetaFactory.java:57)
 at org.pentaho.di.core.row.value.ValueMetaFactory.createValueMeta (ValueMetaFactory.java:46)
 at org.pentaho.di.core.plugins.PluginRegistry.getPlugin (PluginRegistry.java:275)
 at org.pentaho.di.core.plugins.PluginRegistry.getPlugins (PluginRegistry.java:244)
 at java.util.HashMap$KeyIterator.next (null:-1)
 at java.util.HashMap$HashIterator.nextEntry (null:-1)




ERROR: Kitchen can't continue because the job couldn't be loaded.
